[01:24:08.917] ------------------------------
[01:24:08.917] MelonLoader v0.4.3 Open-Beta
[01:24:08.918] OS: Windows 10
[01:24:08.918] Hash Code: 10199571005256100975748575398505751559856525454574855561005057495297
[01:24:08.918] ------------------------------
[01:24:08.919] Name: BloonsTD6
[01:24:08.919] Developer: Ninja Kiwi
[01:24:08.919] Unity Version: 2019.4.22
[01:24:08.920] Game Type: Il2Cpp
[01:24:08.920] Game Arch: x64
[01:24:08.921] ------------------------------

[01:24:09.535] Preferences Loaded!
[01:24:09.574] Loading Plugins...

[01:24:09.583] ------------------------------
[01:24:09.584] No Plugins Loaded!
[01:24:09.584] ------------------------------

[01:24:10.036] Loading Il2CppAssemblyGenerator...
[01:24:10.177] Contacting RemoteAPI...
[01:24:10.512] ForceDumperVersion = null
[01:24:10.512] ForceUnhollowerVersion = null
[01:24:10.512] ObfuscationRegex = null
[01:24:10.512] MappingURL = null
[01:24:10.513] MappingFileSHA512 = null
[01:24:10.513] Unity Dependencies are up to date. No Download Needed.
[01:24:10.514] Cpp2IL is up to date. No Download Needed.
[01:24:10.515] Il2CppAssemblyUnhollower is up to date. No Download Needed.
[01:24:10.515] Checking GameAssembly...
[01:24:10.699] Assembly is up to date. No Generation Needed.
[01:24:10.717] Game Version: 27.3

[01:24:10.718] Loading Support Module...

[01:24:10.890] Loading Mods...

[01:24:13.830] ------------------------------
[01:24:13.831] 4 Mods Loaded
[01:24:13.832] ------------------------------
[01:24:13.832] AutoEscape v1.0.3
[01:24:13.833] by doombubbles
[01:24:13.836] SHA256 Hash: 812d544414f01bc9fff70bb5f075a24db2d208aa0644378a5ee4d70d6754967c
[01:24:13.837] ------------------------------
[01:24:13.837] BloonsTD6 Mod Helper v2.0.0
[01:24:13.838] by Gurrenm4, Doombubbles, and BowDown097
[01:24:13.843] SHA256 Hash: aca8c12b9ebadcc205637cf5dc5cd1e52bbae00b46f46ab099263dd359c32708
[01:24:13.844] ------------------------------
[01:24:13.844] Gurren Core v1.0.2
[01:24:13.845] by Gurrenm4
[01:24:13.846] SHA256 Hash: fcdb28e3c1ff795c0196ca1dd14e85b08a5f0999d3cc87b039c727f489f817a3
[01:24:13.847] ------------------------------
[01:24:13.847] speedhackmelon v1.0.0
[01:24:13.848] by Timotheeee1
[01:24:13.850] SHA256 Hash: 53caefa864d219ba3abe460d5514cfd9bf026216bba178a89a418a5353cde32a
[01:24:13.850] ------------------------------
[01:24:14.679] [BloonsTD6_Mod_Helper] [ERROR] HarmonyLib.HarmonyException: Patching exception in method null ---> System.ArgumentException: Undefined target method for patch method static void BTD_Mod_Helper.Patches.Sim.Simulation_OnRoundEnd::Postfix()
  at HarmonyLib.PatchClassProcessor.PatchWithAttributes (System.Reflection.MethodBase& lastOriginal) [0x00047] in <67e16b0234254e2183a98652371f8451>:0 
  at HarmonyLib.PatchClassProcessor.Patch () [0x00059] in <67e16b0234254e2183a98652371f8451>:0 
   --- End of inner exception stack trace ---
  at HarmonyLib.PatchClassProcessor.ReportException (System.Exception exception, System.Reflection.MethodBase original) [0x0006c] in <67e16b0234254e2183a98652371f8451>:0 
  at HarmonyLib.PatchClassProcessor.Patch () [0x00084] in <67e16b0234254e2183a98652371f8451>:0 
  at HarmonyLib.Harmony.<PatchAll>b__11_0 (System.Type type) [0x00007] in <67e16b0234254e2183a98652371f8451>:0 
  at HarmonyLib.CollectionExtensions.Do[T] (System.Collections.Generic.IEnumerable`1[T] sequence, System.Action`1[T] action) [0x00014] in <67e16b0234254e2183a98652371f8451>:0 
  at HarmonyLib.Harmony.PatchAll (System.Reflection.Assembly assembly) [0x00006] in <67e16b0234254e2183a98652371f8451>:0 
  at MelonLoader.MelonHandler+<>c.<OnApplicationStart_Mods>b__30_0 (MelonLoader.MelonMod x) [0x0001a] in <67e16b0234254e2183a98652371f8451>:0 
  at MelonLoader.MelonHandler.InvokeMelonMethod[T] (System.Collections.Generic.List`1[T]& melons, MelonLoader.MelonHandler+InvokeMelonMethodDelegate`1[T] method, System.Boolean remove_failed) [0x00032] in <67e16b0234254e2183a98652371f8451>:0 
[01:24:14.728] [Gurren_Core] Mod has successfully loaded
[01:24:20.535] [ERROR] Critical failure when loading Upgrades for mod AutoEscape
[01:24:20.536] [ERROR] System.TypeLoadException: Could not resolve type with token 0100009e (from typeref, class/assembly Assets.Scripts.Unity.Localization.LocalizationManager, Assembly-CSharp, Version=3.7.1.6, Culture=neutral, PublicKeyToken=null)
  at BTD_Mod_Helper.Api.ModContent.LoadAllModContent (BTD_Mod_Helper.BloonsMod mod) [0x0007e] in <8127b025ad4f4c85824c0cf265932866>:0 
[01:24:20.537] [ERROR] Critical failure when loading Upgrades for mod AutoEscape
[01:24:20.538] [ERROR] System.TypeLoadException: Could not resolve type with token 0100009e (from typeref, class/assembly Assets.Scripts.Unity.Localization.LocalizationManager, Assembly-CSharp, Version=3.7.1.6, Culture=neutral, PublicKeyToken=null)
  at BTD_Mod_Helper.Api.ModContent.LoadAllModContent (BTD_Mod_Helper.BloonsMod mod) [0x000b3] in <8127b025ad4f4c85824c0cf265932866>:0 
[01:38:47.028] Preferences Saved!
