[00:23:57.750] ------------------------------
[00:23:57.750] MelonLoader v0.4.3 Open-Beta
[00:23:57.751] OS: Windows 10
[00:23:57.751] Hash Code: 10199571005256100975748575398505751559856525454574855561005057495297
[00:23:57.751] ------------------------------
[00:23:57.752] Name: BloonsTD6
[00:23:57.752] Developer: Ninja Kiwi
[00:23:57.752] Unity Version: 2020.3.18
[00:23:57.753] Game Type: Il2Cpp
[00:23:57.753] Game Arch: x64
[00:23:57.755] ------------------------------

[00:23:58.462] Preferences Loaded!
[00:23:58.500] Loading Plugins...

[00:23:58.510] ------------------------------
[00:23:58.510] No Plugins Loaded!
[00:23:58.510] ------------------------------

[00:23:58.978] Loading Il2CppAssemblyGenerator...
[00:23:59.113] Contacting RemoteAPI...
[00:23:59.457] ForceDumperVersion = 2021.4.1
[00:23:59.457] ForceUnhollowerVersion = null
[00:23:59.457] ObfuscationRegex = null
[00:23:59.457] MappingURL = null
[00:23:59.458] MappingFileSHA512 = null
[00:23:59.458] Unity Dependencies are up to date. No Download Needed.
[00:23:59.459] Cpp2IL is up to date. No Download Needed.
[00:23:59.459] Il2CppAssemblyUnhollower is up to date. No Download Needed.
[00:23:59.460] Checking GameAssembly...
[00:23:59.635] Assembly is up to date. No Generation Needed.
[00:23:59.652] Game Version: 28.1

[00:23:59.654] Loading Support Module...

[00:23:59.793] Loading Mods...

[00:23:59.795] ------------------------------
[00:23:59.796] No Mods Loaded!
[00:23:59.796] ------------------------------
[00:27:33.464] Preferences Saved!
